* using log directory ‘/Users/nychka/Dropbox/Home/Repositories/LatticeKrigRPackage/LatticeKrig.Rcheck’
* using R version 4.3.2 (2023-10-31)
* using platform: aarch64-apple-darwin20 (64-bit)
* R was compiled by
    Apple clang version 14.0.0 (clang-1400.0.29.202)
    GNU Fortran (GCC) 12.2.0
* running under: macOS Monterey 12.5.1
* using session charset: UTF-8
* checking for file ‘LatticeKrig/DESCRIPTION’ ... OK
* this is package ‘LatticeKrig’ version ‘9.0’
* checking package namespace information ... OK
* checking package dependencies ... OK
* checking if this is a source package ... OK
* checking if there is a namespace ... OK
* checking for executable files ... OK
* checking for hidden files and directories ... OK
* checking for portable file names ... OK
* checking for sufficient/correct file permissions ... OK
* checking whether package ‘LatticeKrig’ can be installed ... OK
* used C compiler: ‘Apple clang version 12.0.0 (clang-1200.0.32.28)’
* used Fortran compiler: ‘GNU Fortran (GCC) 12.2.0’
* used SDK: ‘MacOSX11.1.sdk’
* checking installed package size ... OK
* checking package directory ... OK
* checking DESCRIPTION meta-information ... OK
* checking top-level files ... OK
* checking for left-over files ... OK
* checking index information ... OK
* checking package subdirectories ... OK
* checking R files for non-ASCII characters ... OK
* checking R files for syntax errors ... OK
* checking whether the package can be loaded ... OK
* checking whether the package can be loaded with stated dependencies ... OK
* checking whether the package can be unloaded cleanly ... OK
* checking whether the namespace can be loaded with stated dependencies ... OK
* checking whether the namespace can be unloaded cleanly ... OK
* checking dependencies in R code ... OK
* checking S3 generic/method consistency ... OK
* checking replacement functions ... OK
* checking foreign function calls ... OK
* checking R code for possible problems ... OK
* checking Rd files ... OK
* checking Rd metadata ... OK
* checking Rd cross-references ... OK
* checking for missing documentation entries ... OK
* checking for code/documentation mismatches ... OK
* checking Rd \usage sections ... OK
* checking Rd contents ... OK
* checking for unstated dependencies in examples ... OK
* checking contents of ‘data’ directory ... OK
* checking data for non-ASCII characters ... OK
* checking data for ASCII and uncompressed saves ... OK
* checking line endings in C/C++/Fortran sources/headers ... OK
* checking compiled code ... OK
* checking examples ... OK
* checking for unstated dependencies in ‘tests’ ... OK
* checking tests ... OK
  Running ‘LKrig.FindNorm.test.R’
  Comparing ‘LKrig.FindNorm.test.Rout’ to ‘LKrig.FindNorm.test.Rout.save’ ... OK
  Running ‘LKrig.LKCylinder.test.R’
  Comparing ‘LKrig.LKCylinder.test.Rout’ to ‘LKrig.LKCylinder.test.Rout.save’ ... OK
  Running ‘LKrig.LKSphere.test.R’
  Running ‘LKrig.basis.test.R’
  Comparing ‘LKrig.basis.test.Rout’ to ‘LKrig.basis.test.Rout.save’ ... OK
  Running ‘LKrig.fixedPart.test.R’
  Comparing ‘LKrig.fixedPart.test.Rout’ to ‘LKrig.fixedPart.test.Rout.save’ ... OK
  Running ‘LKrig.lnPLike.test.R’
  Comparing ‘LKrig.lnPLike.test.Rout’ to ‘LKrig.lnPLike.test.Rout.save’ ... OK
  Running ‘LKrig.nullspace.test.R’
  Comparing ‘LKrig.nullspace.test.Rout’ to ‘LKrig.nullspace.test.Rout.save’ ... OK
  Running ‘LKrig.precision.test.R’
  Comparing ‘LKrig.precision.test.Rout’ to ‘LKrig.precision.test.Rout.save’ ... OK
  Running ‘LKrig.se.test.R’
  Comparing ‘LKrig.se.test.Rout’ to ‘LKrig.se.test.Rout.save’ ... OK
  Running ‘LKrig.test.3D.R’
  Comparing ‘LKrig.test.3D.Rout’ to ‘LKrig.test.3D.Rout.save’ ... OK
  Running ‘LKrig.test.Nonstationary.R’
  Running ‘LKrig.test.R’
  Comparing ‘LKrig.test.Rout’ to ‘LKrig.test.Rout.save’ ... OK
  Running ‘LKrig.test.inverse.R’
  Comparing ‘LKrig.test.inverse.Rout’ to ‘LKrig.test.inverse.Rout.save’ ... OK
  Running ‘LKrig.testFindAwght.R’
  Comparing ‘LKrig.testFindAwght.Rout’ to ‘LKrig.testFindAwght.Rout.save’ ... OK
  Running ‘LKrigMarginalVariance.test.R’
  Comparing ‘LKrigMarginalVariance.test.Rout’ to ‘LKrigMarginalVariance.test.Rout.save’ ... OK
* checking PDF version of manual ... OK
* DONE
Status: OK
