* installing *source* package ‘LatticeKrig’ ...
** using staged installation
** libs
using C compiler: ‘Apple clang version 12.0.0 (clang-1200.0.32.28)’
using Fortran compiler: ‘GNU Fortran (GCC) 12.2.0’
using SDK: ‘MacOSX11.1.sdk’
/opt/gfortran/bin/gfortran -arch arm64  -fPIC  -Wall -g -O2  -c  LKDiag.f90 -o LKDiag.o
/opt/gfortran/bin/gfortran -arch arm64  -fPIC  -Wall -g -O2  -c LKdist.f -o LKdist.o
/opt/gfortran/bin/gfortran -arch arm64  -fPIC  -Wall -g -O2  -c LKdistgrid.f -o LKdistgrid.o
/opt/gfortran/bin/gfortran -arch arm64  -fPIC  -Wall -g -O2  -c dfind1d.f -o dfind1d.o
/opt/gfortran/bin/gfortran -arch arm64  -fPIC  -Wall -g -O2  -c dfind2d.f -o dfind2d.o
/opt/gfortran/bin/gfortran -arch arm64  -fPIC  -Wall -g -O2  -c findNormNEW.f -o findNormNEW.o
/opt/gfortran/bin/gfortran -arch arm64  -fPIC  -Wall -g -O2  -c multBasisNEW.f -o multBasisNEW.o
clang -arch arm64 -I"/Library/Frameworks/R.framework/Resources/include" -DNDEBUG   -I/opt/R/arm64/include    -fPIC  -falign-functions=64 -Wall -g -O2  -c zzzinit.c -o zzzinit.o
clang -arch arm64 -dynamiclib -Wl,-headerpad_max_install_names -undefined dynamic_lookup -L/Library/Frameworks/R.framework/Resources/lib -L/opt/R/arm64/lib -o LatticeKrig.so LKDiag.o LKdist.o LKdistgrid.o dfind1d.o dfind2d.o findNormNEW.o multBasisNEW.o zzzinit.o -L/opt/gfortran/lib/gcc/aarch64-apple-darwin20.0/12.2.0 -L/opt/gfortran/lib -lgfortran -lemutls_w -lquadmath -F/Library/Frameworks/R.framework/.. -framework R -Wl,-framework -Wl,CoreFoundation
ld: warning: object file (LKDiag.o) was built for newer macOS version (12.0) than being linked (11.1)
ld: warning: object file (LKdist.o) was built for newer macOS version (12.0) than being linked (11.1)
ld: warning: could not create compact unwind for _lkdist_: registers 21 and 22 not saved contiguously in frame
ld: warning: could not create compact unwind for _lkdistcomp_: registers 27 and 28 not saved contiguously in frame
ld: warning: object file (LKdistgrid.o) was built for newer macOS version (12.0) than being linked (11.1)
ld: warning: object file (dfind1d.o) was built for newer macOS version (12.0) than being linked (11.1)
ld: warning: could not create compact unwind for _lkdistgrid_: registers 23 and 24 not saved contiguously in frame
ld: warning: could not create compact unwind for _lkdistgridcomp_: registers 25 and 26 not saved contiguously in frameld: warning: object file (multBasisNEW.o) was built for newer macOS version (12.0) than being linked (11.1)
ld: warning: object file (findNormNEW.o) was built for newer macOS version (12.0) than being linked (11.1)

ld: warning: object file (dfind2d.o) was built for newer macOS version (12.0) than being linked (11.1)
installing to /Users/nychka/Dropbox/Home/Repositories/LatticeKrigRPackage/LatticeKrig.Rcheck/00LOCK-LatticeKrig/00new/LatticeKrig/libs
** R
** data
** inst
** byte-compile and prepare package for lazy loading
** help
*** installing help indices
** building package indices
** testing if installed package can be loaded from temporary location
** checking absolute paths in shared objects and dynamic libraries
** testing if installed package can be loaded from final location
** testing if installed package keeps a record of temporary installation path
* DONE (LatticeKrig)
