Hmm ... looks like a package
Converting parsed Rd's to LaTeX ...
Creating pdf output from LaTeX ...

This is pdfTeX, Version 3.141592653-2.6-1.40.24 (TeX Live 2022) (preloaded format=pdflatex)
 restricted \write18 enabled.
entering extended mode
LaTeX2e <2022-11-01> patch level 1
L3 programming layer <2023-02-22> (./Rd2.tex
(/Users/nychka/Library/TinyTeX/texmf-dist/tex/latex/base/book.cls
Document Class: book 2022/07/02 v1.4n Standard LaTeX document class
(/Users/nychka/Library/TinyTeX/texmf-dist/tex/latex/base/bk10.clo)) (/Library/Frameworks/R.framework/Resources/share/texmf/tex/latex/Rd.sty (/Users/nychka/Library/TinyTeX/texmf-dist/tex/latex/base/ifthen.sty) (/Users/nychka/Library/TinyTeX/texmf-dist/tex/latex/tools/longtable.sty) (/Users/nychka/Library/TinyTeX/texmf-dist/tex/latex/tools/bm.sty) (/Users/nychka/Library/TinyTeX/texmf-dist/tex/latex/base/alltt.sty) (/Users/nychka/Library/TinyTeX/texmf-dist/tex/latex/tools/verbatim.sty) (/Users/nychka/Library/TinyTeX/texmf-dist/tex/latex/url/url.sty) (/Users/nychka/Library/TinyTeX/texmf-dist/tex/latex/base/textcomp.sty) (/Users/nychka/Library/TinyTeX/texmf-dist/tex/latex/amsmath/amsmath.sty
For additional information on amsmath, use the `?' option.
(/Users/nychka/Library/TinyTeX/texmf-dist/tex/latex/amsmath/amstext.sty (/Users/nychka/Library/TinyTeX/texmf-dist/tex/latex/amsmath/amsgen.sty)) (/Users/nychka/Library/TinyTeX/texmf-dist/tex/latex/amsmath/amsbsy.sty) (/Users/nychka/Library/TinyTeX/texmf-dist/tex/latex/amsmath/amsopn.sty)) (/Users/nychka/Library/TinyTeX/texmf-dist/tex/latex/amsfonts/amsfonts.sty) (/Users/nychka/Library/TinyTeX/texmf-dist/tex/latex/amsfonts/amssymb.sty) (/Users/nychka/Library/TinyTeX/texmf-dist/tex/latex/amsfonts/eucal.sty) (/Users/nychka/Library/TinyTeX/texmf-dist/tex/generic/iftex/iftex.sty) (/Users/nychka/Library/TinyTeX/texmf-dist/tex/latex/base/fontenc.sty) (/Users/nychka/Library/TinyTeX/texmf-dist/tex/latex/psnfss/times.sty) (/Users/nychka/Library/TinyTeX/texmf-dist/tex/latex/inconsolata/zi4.sty `inconsolata-zi4' v1.12, 2019/05/17 Text macros for Inconsolata (msharpe) (/Users/nychka/Library/TinyTeX/texmf-dist/tex/latex/xkeyval/xkeyval.sty (/Users/nychka/Library/TinyTeX/texmf-dist/tex/generic/xkeyval/xkeyval.tex (/Users/nychka/Library/TinyTeX/texmf-dist/tex/generic/xkeyval/xkvutils.tex (/Users/nychka/Library/TinyTeX/texmf-dist/tex/generic/xkeyval/keyval.tex))))) (/Users/nychka/Library/TinyTeX/texmf-dist/tex/latex/graphics/color.sty (/Users/nychka/Library/TinyTeX/texmf-dist/tex/latex/graphics-cfg/color.cfg) (/Users/nychka/Library/TinyTeX/texmf-dist/tex/latex/graphics-def/pdftex.def) (/Users/nychka/Library/TinyTeX/texmf-dist/tex/latex/graphics/mathcolor.ltx)) (/Users/nychka/Library/TinyTeX/texmf-dist/tex/latex/hyperref/hyperref.sty (/Users/nychka/Library/TinyTeX/texmf-dist/tex/generic/ltxcmds/ltxcmds.sty) (/Users/nychka/Library/TinyTeX/texmf-dist/tex/generic/pdftexcmds/pdftexcmds.sty (/Users/nychka/Library/TinyTeX/texmf-dist/tex/generic/infwarerr/infwarerr.sty)) (/Users/nychka/Library/TinyTeX/texmf-dist/tex/latex/kvsetkeys/kvsetkeys.sty) (/Users/nychka/Library/TinyTeX/texmf-dist/tex/generic/kvdefinekeys/kvdefinekeys.sty) (/Users/nychka/Library/TinyTeX/texmf-dist/tex/generic/pdfescape/pdfescape.sty) (/Users/nychka/Library/TinyTeX/texmf-dist/tex/latex/hycolor/hycolor.sty) (/Users/nychka/Library/TinyTeX/texmf-dist/tex/latex/letltxmacro/letltxmacro.sty) (/Users/nychka/Library/TinyTeX/texmf-dist/tex/latex/auxhook/auxhook.sty) (/Users/nychka/Library/TinyTeX/texmf-dist/tex/latex/hyperref/nameref.sty (/Users/nychka/Library/TinyTeX/texmf-dist/tex/latex/refcount/refcount.sty) (/Users/nychka/Library/TinyTeX/texmf-dist/tex/generic/gettitlestring/gettitlestring.sty (/Users/nychka/Library/TinyTeX/texmf-dist/tex/latex/kvoptions/kvoptions.sty))) (/Users/nychka/Library/TinyTeX/texmf-dist/tex/latex/hyperref/pd1enc.def) (/Users/nychka/Library/TinyTeX/texmf-dist/tex/generic/intcalc/intcalc.sty) (/Users/nychka/Library/TinyTeX/texmf-dist/tex/generic/etexcmds/etexcmds.sty) (/Users/nychka/Library/TinyTeX/texmf-dist/tex/latex/hyperref/puenc.def) (/Users/nychka/Library/TinyTeX/texmf-dist/tex/generic/bitset/bitset.sty (/Users/nychka/Library/TinyTeX/texmf-dist/tex/generic/bigintcalc/bigintcalc.sty)) (/Users/nychka/Library/TinyTeX/texmf-dist/tex/latex/base/atbegshi-ltx.sty)) (/Users/nychka/Library/TinyTeX/texmf-dist/tex/latex/hyperref/hpdftex.def (/Users/nychka/Library/TinyTeX/texmf-dist/tex/latex/base/atveryend-ltx.sty) (/Users/nychka/Library/TinyTeX/texmf-dist/tex/latex/rerunfilecheck/rerunfilecheck.sty (/Users/nychka/Library/TinyTeX/texmf-dist/tex/generic/uniquecounter/uniquecounter.sty)))) (/Users/nychka/Library/TinyTeX/texmf-dist/tex/latex/base/makeidx.sty) (/Users/nychka/Library/TinyTeX/texmf-dist/tex/latex/base/inputenc.sty)
Writing index file Rd2.idx
(/Users/nychka/Library/TinyTeX/texmf-dist/tex/latex/psnfss/t1ptm.fd) (/Users/nychka/Library/TinyTeX/texmf-dist/tex/latex/l3backend/l3backend-pdftex.def)
No file Rd2.aux.
(/Users/nychka/Library/TinyTeX/texmf-dist/tex/latex/inconsolata/t1zi4.fd) (/Users/nychka/Library/TinyTeX/texmf-dist/tex/latex/psnfss/ts1ptm.fd) (/Users/nychka/Library/TinyTeX/texmf-dist/tex/latex/amsfonts/umsa.fd) (/Users/nychka/Library/TinyTeX/texmf-dist/tex/latex/amsfonts/umsb.fd) [1{/Users/nychka/Library/TinyTeX/texmf-var/fonts/map/pdftex/updmap/pdftex.map}] (/Users/nychka/Library/TinyTeX/texmf-dist/tex/latex/psnfss/t1phv.fd)
No file Rd2.toc.
[2] [3] [4] [5] (/Users/nychka/Library/TinyTeX/texmf-dist/tex/latex/inconsolata/ts1zi4.fd) [6]
Overfull \hbox (25.91913pt too wide) in paragraph at lines 431--433
[]\T1/ptm/m/n/10 Or for the func-tion []\T1/zi4/m/n/10 print.LatticeKrig x []\T1/ptm/m/n/10 is the re-turned ob-ject from the []\T1/zi4/m/n/10 LatticeKrig
[7] [8] [9] [10]
Underfull \vbox (badness 10000) has occurred while \output is active [11]
Underfull \vbox (badness 10000) has occurred while \output is active [12]
Underfull \vbox (badness 10000) has occurred while \output is active [13]
Overfull \hbox (8.25941pt too wide) in paragraph at lines 824--824
 []\T1/zi4/m/n/9 colorTable<- designer.colors( 256, c("red4", "orange", "yellow","green1", "green4", "blue"))[] 
[14] [15] [16] [17]
Overfull \hbox (25.5174pt too wide) in paragraph at lines 1095--1097
[]\T1/ptm/m/n/10 Setup the lat-tice in-for-ma-tion and put in the com-po-nent []\T1/zi4/m/n/10 LKinfo\$latticeInfo 
[18]
Overfull \hbox (2.6463pt too wide) in paragraph at lines 1137--1139
[]\T1/ptm/b/n/10 LKrigLatticeCenters.MyNewIdea\T1/ptm/m/n/10 (LKinfo, Level) Re-turns the spa-tial lo-ca-tions of the lat-tice points
[19] [20] [21] [22] [23] [24] [25] [26]
Overfull \hbox (3.49794pt too wide) in paragraph at lines 1647--1656
[]\T1/ptm/m/n/10 For LKrig these ex-tra ar-gu-ments are in-ter-preted as ap-pro-pri-ate for the LKrigSetup

Overfull \hbox (7.63855pt too wide) in paragraph at lines 1647--1656
\T1/ptm/m/n/10 the sparse de-com-po-si-tion in spam. This is done by the ar-gu-ment []\T1/zi4/m/n/10 choleskyMemory[]\T1/ptm/m/n/10 .
[27] [28]
Overfull \hbox (19.8877pt too wide) in paragraph at lines 1804--1812
[]\T1/ptm/m/n/10 For a sin-gle level the RBFs are cen-tered at a reg-u-lar grid of points and with ra-dial sup-port []\T1/zi4/m/n/10 delta*overlap
[29] [30] [31] [32]
Overfull \hbox (37.54686pt too wide) in paragraph at lines 2124--2128
[]\T1/ptm/m/n/10 LatticeKrig, LKrig.sim.conditional, LKrig.MLE, mKrig, Krig, fastTps, Wend-land, LKrig.coef, Lkrig.lnPlike,
[33]
Underfull \vbox (badness 10000) has occurred while \output is active [34]
Underfull \vbox (badness 10000) has occurred while \output is active [35]
Underfull \vbox (badness 10000) has occurred while \output is active [36]
Underfull \vbox (badness 10000) has occurred while \output is active [37] [38] [39] [40] [41] [42] [43] [44] [45] [46] [47] [48]
Underfull \vbox (badness 10000) has occurred while \output is active [49]
Underfull \vbox (badness 10000) has occurred while \output is active [50] [51]
Overfull \hbox (37.40862pt too wide) in paragraph at lines 3417--3419
[]\T1/ptm/m/n/10 The en-vi-ron-ment to save to the like-li-hood eval-u-a-tion to the ob-ject []\T1/zi4/m/n/10 capture.evaluations[]\T1/ptm/m/n/10 . 
[52] [53] [54] [55]
Underfull \vbox (badness 10000) has occurred while \output is active [56]
Underfull \vbox (badness 10000) has occurred while \output is active [57]
Underfull \vbox (badness 10000) has occurred while \output is active [58] [59] [60] [61] [62] [63]
Overfull \hbox (13.8092pt too wide) in paragraph at lines 4194--4198
[]\T1/ptm/m/n/10 Finds pair-wise dis-tances within

Overfull \hbox (3.8092pt too wide) in paragraph at lines 4202--4204
[]\T1/ptm/m/n/10 Finds pair-wise dis-tances within

Overfull \hbox (2.26813pt too wide) in paragraph at lines 4202--4204
\T1/ptm/m/n/10 the ra-dius delta be-tween all lo-ca-tions []\T1/zi4/m/n/10 x1 []\T1/ptm/m/n/10 and []\T1/zi4/m/n/10 x2[]\T1/ptm/m/n/10 . Will call ei-ther []\T1/zi4/m/n/10 LKdist []\T1/ptm/m/n/10 or []\T1/zi4/m/n/10 LKDistComponents[]\T1/ptm/m/n/10 .
[64] [65] [66] [67] [68] [69] [70]
Overfull \hbox (14.05878pt too wide) in paragraph at lines 4724--4730
\T1/ptm/m/n/10 Specif-i-cally the form is VAR(g(x1))= rho*h(x1) Call-ing []\T1/zi4/m/n/10 predict(rho.object,x1)
[71] [72] [73] [74] [75] [76] [77] [78] [79] [80]
Underfull \vbox (badness 10000) has occurred while \output is active [81]
Underfull \vbox (badness 10000) has occurred while \output is active [82]
Underfull \vbox (badness 10000) has occurred while \output is active [83] [84] [85] [86]
Overfull \hbox (10.83604pt too wide) in paragraph at lines 5806--5808
[]\T1/ptm/m/n/10 Euclidean dis-tance be-tween two sets of co-or-di-nates but re-stricted to a max-i-mum dis-tance.Called
[87]
Overfull \hbox (80.70715pt too wide) in paragraph at lines 5812--5814
[]\T1/ptm/m/n/10 Same as lkdist-grid but the com-po-nent dis-tances are found for each co-or-di-nate.[]\T1/zi4/m/n/10 LKDistGridComponents 

Overfull \hbox (0.34082pt too wide) in paragraph at lines 5825--5828
[][]$\T1/zi4/m/n/10 http : / / r . 789695 . n4 . nabble . com / Registration-[]of-[]native-[]routines-[]td4728874 . html$[][] \T1/ptm/m/n/10 for
[88] [89]
Overfull \hbox (3.74974pt too wide) in paragraph at lines 5964--5969
[]\T1/ptm/m/n/10 They each have the four spe-cific meth-ods: []\T1/zi4/m/n/10 LKrigLatticeCenters[]\T1/ptm/m/n/10 , []\T1/zi4/m/n/10 LKrigSAR[]\T1/ptm/m/n/10 , []\T1/zi4/m/n/10 LKrigSetupLattice[]\T1/ptm/m/n/10 ,

Overfull \hbox (24.83768pt too wide) in paragraph at lines 6009--6012
\T1/ptm/m/n/10 for any field that is lin-ear in the tan-gent plane to the node. Specif-i-cally in the func-tion []\T1/zi4/m/n/10 LKrigSAR.LKSphere
[90] [91]
Underfull \vbox (badness 10000) has occurred while \output is active [92] [93]
No file Rd2.ind.
[94] (/private/tmp/RtmpV8dDSr/Rd2pdf143da4221c980/Rd2.aux)

Package rerunfilecheck Warning: File `Rd2.out' has changed.
(rerunfilecheck)                Rerun to get outlines right
(rerunfilecheck)                or use package `bookmark'.

 )
(see the transcript file for additional information)
pdfTeX warning (dest): name{Rfn.NativeSymbolInfo} has been referenced but does not exist, replaced by a fixed one


pdfTeX warning (dest): name{Rfn.Wendland} has been referenced but does not exist, replaced by a fixed one


pdfTeX warning (dest): name{Rfn.fastTps} has been referenced but does not exist, replaced by a fixed one


pdfTeX warning (dest): name{Rfn.Krig} has been referenced but does not exist, replaced by a fixed one


pdfTeX warning (dest): name{Rfn.mKrig} has been referenced but does not exist, replaced by a fixed one


pdfTeX warning (dest): name{Rfn.spind2full} has been referenced but does not exist, replaced by a fixed one


pdfTeX warning (dest): name{Rfn.spind2spam} has been referenced but does not exist, replaced by a fixed one

{/Users/nychka/Library/TinyTeX/texmf-dist/fonts/enc/dvips/inconsolata/i4-ts1.enc}{/Users/nychka/Library/TinyTeX/texmf-dist/fonts/enc/dvips/base/8r.enc} </Users/nychka/Library/TinyTeX/texmf-var/fonts/pk/ljfour/jknappen/ec/tcrm1000.600pk>{/Users/nychka/Library/TinyTeX/texmf-dist/fonts/enc/dvips/inconsolata/i4-t1-0.enc}</Users/nychka/Library/TinyTeX/texmf-dist/fonts/type1/public/inconsolata/Inconsolata-zi4r.pfb></Users/nychka/Library/TinyTeX/texmf-dist/fonts/type1/public/amsfonts/cm/cmex10.pfb></Users/nychka/Library/TinyTeX/texmf-dist/fonts/type1/public/amsfonts/cm/cmmi10.pfb></Users/nychka/Library/TinyTeX/texmf-dist/fonts/type1/public/amsfonts/cm/cmmi7.pfb></Users/nychka/Library/TinyTeX/texmf-dist/fonts/type1/public/amsfonts/cm/cmr10.pfb></Users/nychka/Library/TinyTeX/texmf-dist/fonts/type1/public/amsfonts/cm/cmr7.pfb></Users/nychka/Library/TinyTeX/texmf-dist/fonts/type1/public/amsfonts/cm/cmsy10.pfb></Users/nychka/Library/TinyTeX/texmf-dist/fonts/type1/urw/helvetic/uhvr8a.pfb></Users/nychka/Library/TinyTeX/texmf-dist/fonts/type1/urw/times/utmb8a.pfb></Users/nychka/Library/TinyTeX/texmf-dist/fonts/type1/urw/times/utmr8a.pfb></Users/nychka/Library/TinyTeX/texmf-dist/fonts/type1/urw/times/utmr8a.pfb></Users/nychka/Library/TinyTeX/texmf-dist/fonts/type1/urw/times/utmri8a.pfb>
Output written on Rd2.pdf (94 pages, 359058 bytes).
Transcript written on Rd2.log.
This is makeindex, version 2.16 [TeX Live 2022] (kpathsea + Thai support).
Scanning input file Rd2.idx....done (238 entries accepted, 0 rejected).
Sorting entries.....done (2090 comparisons).
Generating output file Rd2.ind....done (377 lines written, 1 warning).
Output written in Rd2.ind.
Transcript written in Rd2.ilg.
This is pdfTeX, Version 3.141592653-2.6-1.40.24 (TeX Live 2022) (preloaded format=pdflatex)
 restricted \write18 enabled.
entering extended mode
LaTeX2e <2022-11-01> patch level 1
L3 programming layer <2023-02-22> (./Rd2.tex
(/Users/nychka/Library/TinyTeX/texmf-dist/tex/latex/base/book.cls
Document Class: book 2022/07/02 v1.4n Standard LaTeX document class
(/Users/nychka/Library/TinyTeX/texmf-dist/tex/latex/base/bk10.clo)) (/Library/Frameworks/R.framework/Resources/share/texmf/tex/latex/Rd.sty (/Users/nychka/Library/TinyTeX/texmf-dist/tex/latex/base/ifthen.sty) (/Users/nychka/Library/TinyTeX/texmf-dist/tex/latex/tools/longtable.sty) (/Users/nychka/Library/TinyTeX/texmf-dist/tex/latex/tools/bm.sty) (/Users/nychka/Library/TinyTeX/texmf-dist/tex/latex/base/alltt.sty) (/Users/nychka/Library/TinyTeX/texmf-dist/tex/latex/tools/verbatim.sty) (/Users/nychka/Library/TinyTeX/texmf-dist/tex/latex/url/url.sty) (/Users/nychka/Library/TinyTeX/texmf-dist/tex/latex/base/textcomp.sty) (/Users/nychka/Library/TinyTeX/texmf-dist/tex/latex/amsmath/amsmath.sty
For additional information on amsmath, use the `?' option.
(/Users/nychka/Library/TinyTeX/texmf-dist/tex/latex/amsmath/amstext.sty (/Users/nychka/Library/TinyTeX/texmf-dist/tex/latex/amsmath/amsgen.sty)) (/Users/nychka/Library/TinyTeX/texmf-dist/tex/latex/amsmath/amsbsy.sty) (/Users/nychka/Library/TinyTeX/texmf-dist/tex/latex/amsmath/amsopn.sty)) (/Users/nychka/Library/TinyTeX/texmf-dist/tex/latex/amsfonts/amsfonts.sty) (/Users/nychka/Library/TinyTeX/texmf-dist/tex/latex/amsfonts/amssymb.sty) (/Users/nychka/Library/TinyTeX/texmf-dist/tex/latex/amsfonts/eucal.sty) (/Users/nychka/Library/TinyTeX/texmf-dist/tex/generic/iftex/iftex.sty) (/Users/nychka/Library/TinyTeX/texmf-dist/tex/latex/base/fontenc.sty) (/Users/nychka/Library/TinyTeX/texmf-dist/tex/latex/psnfss/times.sty) (/Users/nychka/Library/TinyTeX/texmf-dist/tex/latex/inconsolata/zi4.sty `inconsolata-zi4' v1.12, 2019/05/17 Text macros for Inconsolata (msharpe) (/Users/nychka/Library/TinyTeX/texmf-dist/tex/latex/xkeyval/xkeyval.sty (/Users/nychka/Library/TinyTeX/texmf-dist/tex/generic/xkeyval/xkeyval.tex (/Users/nychka/Library/TinyTeX/texmf-dist/tex/generic/xkeyval/xkvutils.tex (/Users/nychka/Library/TinyTeX/texmf-dist/tex/generic/xkeyval/keyval.tex))))) (/Users/nychka/Library/TinyTeX/texmf-dist/tex/latex/graphics/color.sty (/Users/nychka/Library/TinyTeX/texmf-dist/tex/latex/graphics-cfg/color.cfg) (/Users/nychka/Library/TinyTeX/texmf-dist/tex/latex/graphics-def/pdftex.def) (/Users/nychka/Library/TinyTeX/texmf-dist/tex/latex/graphics/mathcolor.ltx)) (/Users/nychka/Library/TinyTeX/texmf-dist/tex/latex/hyperref/hyperref.sty (/Users/nychka/Library/TinyTeX/texmf-dist/tex/generic/ltxcmds/ltxcmds.sty) (/Users/nychka/Library/TinyTeX/texmf-dist/tex/generic/pdftexcmds/pdftexcmds.sty (/Users/nychka/Library/TinyTeX/texmf-dist/tex/generic/infwarerr/infwarerr.sty)) (/Users/nychka/Library/TinyTeX/texmf-dist/tex/latex/kvsetkeys/kvsetkeys.sty) (/Users/nychka/Library/TinyTeX/texmf-dist/tex/generic/kvdefinekeys/kvdefinekeys.sty) (/Users/nychka/Library/TinyTeX/texmf-dist/tex/generic/pdfescape/pdfescape.sty) (/Users/nychka/Library/TinyTeX/texmf-dist/tex/latex/hycolor/hycolor.sty) (/Users/nychka/Library/TinyTeX/texmf-dist/tex/latex/letltxmacro/letltxmacro.sty) (/Users/nychka/Library/TinyTeX/texmf-dist/tex/latex/auxhook/auxhook.sty) (/Users/nychka/Library/TinyTeX/texmf-dist/tex/latex/hyperref/nameref.sty (/Users/nychka/Library/TinyTeX/texmf-dist/tex/latex/refcount/refcount.sty) (/Users/nychka/Library/TinyTeX/texmf-dist/tex/generic/gettitlestring/gettitlestring.sty (/Users/nychka/Library/TinyTeX/texmf-dist/tex/latex/kvoptions/kvoptions.sty))) (/Users/nychka/Library/TinyTeX/texmf-dist/tex/latex/hyperref/pd1enc.def) (/Users/nychka/Library/TinyTeX/texmf-dist/tex/generic/intcalc/intcalc.sty) (/Users/nychka/Library/TinyTeX/texmf-dist/tex/generic/etexcmds/etexcmds.sty) (/Users/nychka/Library/TinyTeX/texmf-dist/tex/latex/hyperref/puenc.def) (/Users/nychka/Library/TinyTeX/texmf-dist/tex/generic/bitset/bitset.sty (/Users/nychka/Library/TinyTeX/texmf-dist/tex/generic/bigintcalc/bigintcalc.sty)) (/Users/nychka/Library/TinyTeX/texmf-dist/tex/latex/base/atbegshi-ltx.sty)) (/Users/nychka/Library/TinyTeX/texmf-dist/tex/latex/hyperref/hpdftex.def (/Users/nychka/Library/TinyTeX/texmf-dist/tex/latex/base/atveryend-ltx.sty) (/Users/nychka/Library/TinyTeX/texmf-dist/tex/latex/rerunfilecheck/rerunfilecheck.sty (/Users/nychka/Library/TinyTeX/texmf-dist/tex/generic/uniquecounter/uniquecounter.sty)))) (/Users/nychka/Library/TinyTeX/texmf-dist/tex/latex/base/makeidx.sty) (/Users/nychka/Library/TinyTeX/texmf-dist/tex/latex/base/inputenc.sty)
Writing index file Rd2.idx
(/Users/nychka/Library/TinyTeX/texmf-dist/tex/latex/psnfss/t1ptm.fd) (/Users/nychka/Library/TinyTeX/texmf-dist/tex/latex/l3backend/l3backend-pdftex.def) (/private/tmp/RtmpV8dDSr/Rd2pdf143da4221c980/Rd2.aux) (/private/tmp/RtmpV8dDSr/Rd2pdf143da4221c980/Rd2.out) (/private/tmp/RtmpV8dDSr/Rd2pdf143da4221c980/Rd2.out) (/Users/nychka/Library/TinyTeX/texmf-dist/tex/latex/inconsolata/t1zi4.fd) (/Users/nychka/Library/TinyTeX/texmf-dist/tex/latex/psnfss/ts1ptm.fd) (/Users/nychka/Library/TinyTeX/texmf-dist/tex/latex/amsfonts/umsa.fd) (/Users/nychka/Library/TinyTeX/texmf-dist/tex/latex/amsfonts/umsb.fd) [1{/Users/nychka/Library/TinyTeX/texmf-var/fonts/map/pdftex/updmap/pdftex.map}] (/Users/nychka/Library/TinyTeX/texmf-dist/tex/latex/psnfss/t1phv.fd) (/private/tmp/RtmpV8dDSr/Rd2pdf143da4221c980/Rd2.toc) [2] [3] [4] [5] [6] (/Users/nychka/Library/TinyTeX/texmf-dist/tex/latex/inconsolata/ts1zi4.fd) [7]
Overfull \hbox (25.91913pt too wide) in paragraph at lines 431--433
[]\T1/ptm/m/n/10 Or for the func-tion []\T1/zi4/m/n/10 print.LatticeKrig x []\T1/ptm/m/n/10 is the re-turned ob-ject from the []\T1/zi4/m/n/10 LatticeKrig
[8] [9] [10]
Underfull \vbox (badness 10000) has occurred while \output is active [11]
Underfull \vbox (badness 10000) has occurred while \output is active [12]
Underfull \vbox (badness 10000) has occurred while \output is active [13]
Overfull \hbox (8.25941pt too wide) in paragraph at lines 824--824
 []\T1/zi4/m/n/9 colorTable<- designer.colors( 256, c("red4", "orange", "yellow","green1", "green4", "blue"))[] 
[14] [15] [16] [17]
Overfull \hbox (25.5174pt too wide) in paragraph at lines 1095--1097
[]\T1/ptm/m/n/10 Setup the lat-tice in-for-ma-tion and put in the com-po-nent []\T1/zi4/m/n/10 LKinfo\$latticeInfo 
[18]
Overfull \hbox (2.6463pt too wide) in paragraph at lines 1137--1139
[]\T1/ptm/b/n/10 LKrigLatticeCenters.MyNewIdea\T1/ptm/m/n/10 (LKinfo, Level) Re-turns the spa-tial lo-ca-tions of the lat-tice points
[19] [20] [21] [22] [23] [24] [25] [26]
Overfull \hbox (3.49794pt too wide) in paragraph at lines 1647--1656
[]\T1/ptm/m/n/10 For LKrig these ex-tra ar-gu-ments are in-ter-preted as ap-pro-pri-ate for the LKrigSetup

Overfull \hbox (7.63855pt too wide) in paragraph at lines 1647--1656
\T1/ptm/m/n/10 the sparse de-com-po-si-tion in spam. This is done by the ar-gu-ment []\T1/zi4/m/n/10 choleskyMemory[]\T1/ptm/m/n/10 .
[27] [28]
Overfull \hbox (19.8877pt too wide) in paragraph at lines 1804--1812
[]\T1/ptm/m/n/10 For a sin-gle level the RBFs are cen-tered at a reg-u-lar grid of points and with ra-dial sup-port []\T1/zi4/m/n/10 delta*overlap
[29] [30] [31] [32]
Overfull \hbox (37.54686pt too wide) in paragraph at lines 2124--2128
[]\T1/ptm/m/n/10 LatticeKrig, LKrig.sim.conditional, LKrig.MLE, mKrig, Krig, fastTps, Wend-land, LKrig.coef, Lkrig.lnPlike,
[33]
Underfull \vbox (badness 10000) has occurred while \output is active [34]
Underfull \vbox (badness 10000) has occurred while \output is active [35]
Underfull \vbox (badness 10000) has occurred while \output is active [36]
Underfull \vbox (badness 10000) has occurred while \output is active [37]
Underfull \vbox (badness 10000) has occurred while \output is active [38] [39] [40] [41] [42] [43] [44] [45] [46] [47] [48]
Underfull \vbox (badness 10000) has occurred while \output is active [49]
Underfull \vbox (badness 10000) has occurred while \output is active [50]
Underfull \vbox (badness 10000) has occurred while \output is active [51] [52]
Overfull \hbox (37.40862pt too wide) in paragraph at lines 3417--3419
[]\T1/ptm/m/n/10 The en-vi-ron-ment to save to the like-li-hood eval-u-a-tion to the ob-ject []\T1/zi4/m/n/10 capture.evaluations[]\T1/ptm/m/n/10 . 
[53] [54] [55] [56]
Underfull \vbox (badness 10000) has occurred while \output is active [57]
Underfull \vbox (badness 10000) has occurred while \output is active [58]
Underfull \vbox (badness 10000) has occurred while \output is active [59] [60] [61] [62] [63]
Overfull \hbox (13.8092pt too wide) in paragraph at lines 4194--4198
[]\T1/ptm/m/n/10 Finds pair-wise dis-tances within

Overfull \hbox (3.8092pt too wide) in paragraph at lines 4202--4204
[]\T1/ptm/m/n/10 Finds pair-wise dis-tances within

Overfull \hbox (2.26813pt too wide) in paragraph at lines 4202--4204
\T1/ptm/m/n/10 the ra-dius delta be-tween all lo-ca-tions []\T1/zi4/m/n/10 x1 []\T1/ptm/m/n/10 and []\T1/zi4/m/n/10 x2[]\T1/ptm/m/n/10 . Will call ei-ther []\T1/zi4/m/n/10 LKdist []\T1/ptm/m/n/10 or []\T1/zi4/m/n/10 LKDistComponents[]\T1/ptm/m/n/10 .
[64] [65] [66] [67] [68] [69] [70] [71]
Overfull \hbox (14.05878pt too wide) in paragraph at lines 4724--4730
\T1/ptm/m/n/10 Specif-i-cally the form is VAR(g(x1))= rho*h(x1) Call-ing []\T1/zi4/m/n/10 predict(rho.object,x1)
[72] [73] [74] [75] [76] [77] [78] [79] [80]
Underfull \vbox (badness 10000) has occurred while \output is active [81]
Underfull \vbox (badness 10000) has occurred while \output is active [82]
Underfull \vbox (badness 10000) has occurred while \output is active [83] [84] [85] [86] [87]
Overfull \hbox (10.83604pt too wide) in paragraph at lines 5806--5808
[]\T1/ptm/m/n/10 Euclidean dis-tance be-tween two sets of co-or-di-nates but re-stricted to a max-i-mum dis-tance.Called

Overfull \hbox (80.70715pt too wide) in paragraph at lines 5812--5814
[]\T1/ptm/m/n/10 Same as lkdist-grid but the com-po-nent dis-tances are found for each co-or-di-nate.[]\T1/zi4/m/n/10 LKDistGridComponents 

Overfull \hbox (0.34082pt too wide) in paragraph at lines 5825--5828
[][]$\T1/zi4/m/n/10 http : / / r . 789695 . n4 . nabble . com / Registration-[]of-[]native-[]routines-[]td4728874 . html$[][] \T1/ptm/m/n/10 for
[88] [89]
Overfull \hbox (3.74974pt too wide) in paragraph at lines 5964--5969
[]\T1/ptm/m/n/10 They each have the four spe-cific meth-ods: []\T1/zi4/m/n/10 LKrigLatticeCenters[]\T1/ptm/m/n/10 , []\T1/zi4/m/n/10 LKrigSAR[]\T1/ptm/m/n/10 , []\T1/zi4/m/n/10 LKrigSetupLattice[]\T1/ptm/m/n/10 ,
[90]
Overfull \hbox (24.83768pt too wide) in paragraph at lines 6009--6012
\T1/ptm/m/n/10 for any field that is lin-ear in the tan-gent plane to the node. Specif-i-cally in the func-tion []\T1/zi4/m/n/10 LKrigSAR.LKSphere
[91] [92]
Underfull \vbox (badness 10000) has occurred while \output is active [93] (/private/tmp/RtmpV8dDSr/Rd2pdf143da4221c980/Rd2.ind [94]

LaTeX Font Warning: Font shape `T1/zi4/m/it' undefined
(Font)              using `T1/zi4/m/n' instead on input line 41.

[95]
Overfull \hbox (30.8567pt too wide) in paragraph at lines 223--225
[]\T1/zi4/m/it/10 LKrigDistance,matrix,gridList,numeric-method 

Overfull \hbox (20.8567pt too wide) in paragraph at lines 225--227
[]\T1/zi4/m/it/10 LKrigDistance,matrix,matrix,numeric-method 
[96] [97]) (/private/tmp/RtmpV8dDSr/Rd2pdf143da4221c980/Rd2.aux)

LaTeX Font Warning: Some font shapes were not available, defaults substituted.


Package rerunfilecheck Warning: File `Rd2.out' has changed.
(rerunfilecheck)                Rerun to get outlines right
(rerunfilecheck)                or use package `bookmark'.

 )
(see the transcript file for additional information)
pdfTeX warning (dest): name{Rfn.NativeSymbolInfo} has been referenced but does not exist, replaced by a fixed one


pdfTeX warning (dest): name{Rfn.Wendland} has been referenced but does not exist, replaced by a fixed one


pdfTeX warning (dest): name{Rfn.fastTps} has been referenced but does not exist, replaced by a fixed one


pdfTeX warning (dest): name{Rfn.Krig} has been referenced but does not exist, replaced by a fixed one


pdfTeX warning (dest): name{Rfn.mKrig} has been referenced but does not exist, replaced by a fixed one


pdfTeX warning (dest): name{Rfn.spind2full} has been referenced but does not exist, replaced by a fixed one


pdfTeX warning (dest): name{Rfn.spind2spam} has been referenced but does not exist, replaced by a fixed one

{/Users/nychka/Library/TinyTeX/texmf-dist/fonts/enc/dvips/inconsolata/i4-ts1.enc}{/Users/nychka/Library/TinyTeX/texmf-dist/fonts/enc/dvips/base/8r.enc} </Users/nychka/Library/TinyTeX/texmf-var/fonts/pk/ljfour/jknappen/ec/tcrm1000.600pk>{/Users/nychka/Library/TinyTeX/texmf-dist/fonts/enc/dvips/inconsolata/i4-t1-0.enc}</Users/nychka/Library/TinyTeX/texmf-dist/fonts/type1/public/inconsolata/Inconsolata-zi4r.pfb></Users/nychka/Library/TinyTeX/texmf-dist/fonts/type1/public/amsfonts/cm/cmex10.pfb></Users/nychka/Library/TinyTeX/texmf-dist/fonts/type1/public/amsfonts/cm/cmmi10.pfb></Users/nychka/Library/TinyTeX/texmf-dist/fonts/type1/public/amsfonts/cm/cmmi7.pfb></Users/nychka/Library/TinyTeX/texmf-dist/fonts/type1/public/amsfonts/cm/cmr10.pfb></Users/nychka/Library/TinyTeX/texmf-dist/fonts/type1/public/amsfonts/cm/cmr7.pfb></Users/nychka/Library/TinyTeX/texmf-dist/fonts/type1/public/amsfonts/cm/cmsy10.pfb></Users/nychka/Library/TinyTeX/texmf-dist/fonts/type1/urw/helvetic/uhvr8a.pfb></Users/nychka/Library/TinyTeX/texmf-dist/fonts/type1/urw/times/utmb8a.pfb></Users/nychka/Library/TinyTeX/texmf-dist/fonts/type1/urw/times/utmr8a.pfb></Users/nychka/Library/TinyTeX/texmf-dist/fonts/type1/urw/times/utmr8a.pfb></Users/nychka/Library/TinyTeX/texmf-dist/fonts/type1/urw/times/utmri8a.pfb>
Output written on Rd2.pdf (97 pages, 377094 bytes).
Transcript written on Rd2.log.
This is makeindex, version 2.16 [TeX Live 2022] (kpathsea + Thai support).
Scanning input file Rd2.idx....done (238 entries accepted, 0 rejected).
Sorting entries.....done (2089 comparisons).
Generating output file Rd2.ind....done (373 lines written, 2 warnings).
Output written in Rd2.ind.
Transcript written in Rd2.ilg.
This is pdfTeX, Version 3.141592653-2.6-1.40.24 (TeX Live 2022) (preloaded format=pdflatex)
 restricted \write18 enabled.
entering extended mode
LaTeX2e <2022-11-01> patch level 1
L3 programming layer <2023-02-22> (./Rd2.tex
(/Users/nychka/Library/TinyTeX/texmf-dist/tex/latex/base/book.cls
Document Class: book 2022/07/02 v1.4n Standard LaTeX document class
(/Users/nychka/Library/TinyTeX/texmf-dist/tex/latex/base/bk10.clo)) (/Library/Frameworks/R.framework/Resources/share/texmf/tex/latex/Rd.sty (/Users/nychka/Library/TinyTeX/texmf-dist/tex/latex/base/ifthen.sty) (/Users/nychka/Library/TinyTeX/texmf-dist/tex/latex/tools/longtable.sty) (/Users/nychka/Library/TinyTeX/texmf-dist/tex/latex/tools/bm.sty) (/Users/nychka/Library/TinyTeX/texmf-dist/tex/latex/base/alltt.sty) (/Users/nychka/Library/TinyTeX/texmf-dist/tex/latex/tools/verbatim.sty) (/Users/nychka/Library/TinyTeX/texmf-dist/tex/latex/url/url.sty) (/Users/nychka/Library/TinyTeX/texmf-dist/tex/latex/base/textcomp.sty) (/Users/nychka/Library/TinyTeX/texmf-dist/tex/latex/amsmath/amsmath.sty
For additional information on amsmath, use the `?' option.
(/Users/nychka/Library/TinyTeX/texmf-dist/tex/latex/amsmath/amstext.sty (/Users/nychka/Library/TinyTeX/texmf-dist/tex/latex/amsmath/amsgen.sty)) (/Users/nychka/Library/TinyTeX/texmf-dist/tex/latex/amsmath/amsbsy.sty) (/Users/nychka/Library/TinyTeX/texmf-dist/tex/latex/amsmath/amsopn.sty)) (/Users/nychka/Library/TinyTeX/texmf-dist/tex/latex/amsfonts/amsfonts.sty) (/Users/nychka/Library/TinyTeX/texmf-dist/tex/latex/amsfonts/amssymb.sty) (/Users/nychka/Library/TinyTeX/texmf-dist/tex/latex/amsfonts/eucal.sty) (/Users/nychka/Library/TinyTeX/texmf-dist/tex/generic/iftex/iftex.sty) (/Users/nychka/Library/TinyTeX/texmf-dist/tex/latex/base/fontenc.sty) (/Users/nychka/Library/TinyTeX/texmf-dist/tex/latex/psnfss/times.sty) (/Users/nychka/Library/TinyTeX/texmf-dist/tex/latex/inconsolata/zi4.sty `inconsolata-zi4' v1.12, 2019/05/17 Text macros for Inconsolata (msharpe) (/Users/nychka/Library/TinyTeX/texmf-dist/tex/latex/xkeyval/xkeyval.sty (/Users/nychka/Library/TinyTeX/texmf-dist/tex/generic/xkeyval/xkeyval.tex (/Users/nychka/Library/TinyTeX/texmf-dist/tex/generic/xkeyval/xkvutils.tex (/Users/nychka/Library/TinyTeX/texmf-dist/tex/generic/xkeyval/keyval.tex))))) (/Users/nychka/Library/TinyTeX/texmf-dist/tex/latex/graphics/color.sty (/Users/nychka/Library/TinyTeX/texmf-dist/tex/latex/graphics-cfg/color.cfg) (/Users/nychka/Library/TinyTeX/texmf-dist/tex/latex/graphics-def/pdftex.def) (/Users/nychka/Library/TinyTeX/texmf-dist/tex/latex/graphics/mathcolor.ltx)) (/Users/nychka/Library/TinyTeX/texmf-dist/tex/latex/hyperref/hyperref.sty (/Users/nychka/Library/TinyTeX/texmf-dist/tex/generic/ltxcmds/ltxcmds.sty) (/Users/nychka/Library/TinyTeX/texmf-dist/tex/generic/pdftexcmds/pdftexcmds.sty (/Users/nychka/Library/TinyTeX/texmf-dist/tex/generic/infwarerr/infwarerr.sty)) (/Users/nychka/Library/TinyTeX/texmf-dist/tex/latex/kvsetkeys/kvsetkeys.sty) (/Users/nychka/Library/TinyTeX/texmf-dist/tex/generic/kvdefinekeys/kvdefinekeys.sty) (/Users/nychka/Library/TinyTeX/texmf-dist/tex/generic/pdfescape/pdfescape.sty) (/Users/nychka/Library/TinyTeX/texmf-dist/tex/latex/hycolor/hycolor.sty) (/Users/nychka/Library/TinyTeX/texmf-dist/tex/latex/letltxmacro/letltxmacro.sty) (/Users/nychka/Library/TinyTeX/texmf-dist/tex/latex/auxhook/auxhook.sty) (/Users/nychka/Library/TinyTeX/texmf-dist/tex/latex/hyperref/nameref.sty (/Users/nychka/Library/TinyTeX/texmf-dist/tex/latex/refcount/refcount.sty) (/Users/nychka/Library/TinyTeX/texmf-dist/tex/generic/gettitlestring/gettitlestring.sty (/Users/nychka/Library/TinyTeX/texmf-dist/tex/latex/kvoptions/kvoptions.sty))) (/Users/nychka/Library/TinyTeX/texmf-dist/tex/latex/hyperref/pd1enc.def) (/Users/nychka/Library/TinyTeX/texmf-dist/tex/generic/intcalc/intcalc.sty) (/Users/nychka/Library/TinyTeX/texmf-dist/tex/generic/etexcmds/etexcmds.sty) (/Users/nychka/Library/TinyTeX/texmf-dist/tex/latex/hyperref/puenc.def) (/Users/nychka/Library/TinyTeX/texmf-dist/tex/generic/bitset/bitset.sty (/Users/nychka/Library/TinyTeX/texmf-dist/tex/generic/bigintcalc/bigintcalc.sty)) (/Users/nychka/Library/TinyTeX/texmf-dist/tex/latex/base/atbegshi-ltx.sty)) (/Users/nychka/Library/TinyTeX/texmf-dist/tex/latex/hyperref/hpdftex.def (/Users/nychka/Library/TinyTeX/texmf-dist/tex/latex/base/atveryend-ltx.sty) (/Users/nychka/Library/TinyTeX/texmf-dist/tex/latex/rerunfilecheck/rerunfilecheck.sty (/Users/nychka/Library/TinyTeX/texmf-dist/tex/generic/uniquecounter/uniquecounter.sty)))) (/Users/nychka/Library/TinyTeX/texmf-dist/tex/latex/base/makeidx.sty) (/Users/nychka/Library/TinyTeX/texmf-dist/tex/latex/base/inputenc.sty)
Writing index file Rd2.idx
(/Users/nychka/Library/TinyTeX/texmf-dist/tex/latex/psnfss/t1ptm.fd) (/Users/nychka/Library/TinyTeX/texmf-dist/tex/latex/l3backend/l3backend-pdftex.def) (/private/tmp/RtmpV8dDSr/Rd2pdf143da4221c980/Rd2.aux) (/private/tmp/RtmpV8dDSr/Rd2pdf143da4221c980/Rd2.out) (/private/tmp/RtmpV8dDSr/Rd2pdf143da4221c980/Rd2.out) (/Users/nychka/Library/TinyTeX/texmf-dist/tex/latex/inconsolata/t1zi4.fd) (/Users/nychka/Library/TinyTeX/texmf-dist/tex/latex/psnfss/ts1ptm.fd) (/Users/nychka/Library/TinyTeX/texmf-dist/tex/latex/amsfonts/umsa.fd) (/Users/nychka/Library/TinyTeX/texmf-dist/tex/latex/amsfonts/umsb.fd) [1{/Users/nychka/Library/TinyTeX/texmf-var/fonts/map/pdftex/updmap/pdftex.map}] (/Users/nychka/Library/TinyTeX/texmf-dist/tex/latex/psnfss/t1phv.fd) (/private/tmp/RtmpV8dDSr/Rd2pdf143da4221c980/Rd2.toc) [2] [3] [4] [5] [6] (/Users/nychka/Library/TinyTeX/texmf-dist/tex/latex/inconsolata/ts1zi4.fd) [7]
Overfull \hbox (25.91913pt too wide) in paragraph at lines 431--433
[]\T1/ptm/m/n/10 Or for the func-tion []\T1/zi4/m/n/10 print.LatticeKrig x []\T1/ptm/m/n/10 is the re-turned ob-ject from the []\T1/zi4/m/n/10 LatticeKrig
[8] [9] [10]
Underfull \vbox (badness 10000) has occurred while \output is active [11]
Underfull \vbox (badness 10000) has occurred while \output is active [12]
Underfull \vbox (badness 10000) has occurred while \output is active [13]
Overfull \hbox (8.25941pt too wide) in paragraph at lines 824--824
 []\T1/zi4/m/n/9 colorTable<- designer.colors( 256, c("red4", "orange", "yellow","green1", "green4", "blue"))[] 
[14] [15] [16] [17]
Overfull \hbox (25.5174pt too wide) in paragraph at lines 1095--1097
[]\T1/ptm/m/n/10 Setup the lat-tice in-for-ma-tion and put in the com-po-nent []\T1/zi4/m/n/10 LKinfo\$latticeInfo 
[18]
Overfull \hbox (2.6463pt too wide) in paragraph at lines 1137--1139
[]\T1/ptm/b/n/10 LKrigLatticeCenters.MyNewIdea\T1/ptm/m/n/10 (LKinfo, Level) Re-turns the spa-tial lo-ca-tions of the lat-tice points
[19] [20] [21] [22] [23] [24] [25] [26]
Overfull \hbox (3.49794pt too wide) in paragraph at lines 1647--1656
[]\T1/ptm/m/n/10 For LKrig these ex-tra ar-gu-ments are in-ter-preted as ap-pro-pri-ate for the LKrigSetup

Overfull \hbox (7.63855pt too wide) in paragraph at lines 1647--1656
\T1/ptm/m/n/10 the sparse de-com-po-si-tion in spam. This is done by the ar-gu-ment []\T1/zi4/m/n/10 choleskyMemory[]\T1/ptm/m/n/10 .
[27] [28]
Overfull \hbox (19.8877pt too wide) in paragraph at lines 1804--1812
[]\T1/ptm/m/n/10 For a sin-gle level the RBFs are cen-tered at a reg-u-lar grid of points and with ra-dial sup-port []\T1/zi4/m/n/10 delta*overlap
[29] [30] [31] [32]
Overfull \hbox (37.54686pt too wide) in paragraph at lines 2124--2128
[]\T1/ptm/m/n/10 LatticeKrig, LKrig.sim.conditional, LKrig.MLE, mKrig, Krig, fastTps, Wend-land, LKrig.coef, Lkrig.lnPlike,
[33]
Underfull \vbox (badness 10000) has occurred while \output is active [34]
Underfull \vbox (badness 10000) has occurred while \output is active [35]
Underfull \vbox (badness 10000) has occurred while \output is active [36]
Underfull \vbox (badness 10000) has occurred while \output is active [37]
Underfull \vbox (badness 10000) has occurred while \output is active [38] [39] [40] [41] [42] [43] [44] [45] [46] [47] [48]
Underfull \vbox (badness 10000) has occurred while \output is active [49]
Underfull \vbox (badness 10000) has occurred while \output is active [50]
Underfull \vbox (badness 10000) has occurred while \output is active [51] [52]
Overfull \hbox (37.40862pt too wide) in paragraph at lines 3417--3419
[]\T1/ptm/m/n/10 The en-vi-ron-ment to save to the like-li-hood eval-u-a-tion to the ob-ject []\T1/zi4/m/n/10 capture.evaluations[]\T1/ptm/m/n/10 . 
[53] [54] [55] [56]
Underfull \vbox (badness 10000) has occurred while \output is active [57]
Underfull \vbox (badness 10000) has occurred while \output is active [58]
Underfull \vbox (badness 10000) has occurred while \output is active [59] [60] [61] [62] [63]
Overfull \hbox (13.8092pt too wide) in paragraph at lines 4194--4198
[]\T1/ptm/m/n/10 Finds pair-wise dis-tances within

Overfull \hbox (3.8092pt too wide) in paragraph at lines 4202--4204
[]\T1/ptm/m/n/10 Finds pair-wise dis-tances within

Overfull \hbox (2.26813pt too wide) in paragraph at lines 4202--4204
\T1/ptm/m/n/10 the ra-dius delta be-tween all lo-ca-tions []\T1/zi4/m/n/10 x1 []\T1/ptm/m/n/10 and []\T1/zi4/m/n/10 x2[]\T1/ptm/m/n/10 . Will call ei-ther []\T1/zi4/m/n/10 LKdist []\T1/ptm/m/n/10 or []\T1/zi4/m/n/10 LKDistComponents[]\T1/ptm/m/n/10 .
[64] [65] [66] [67] [68] [69] [70] [71]
Overfull \hbox (14.05878pt too wide) in paragraph at lines 4724--4730
\T1/ptm/m/n/10 Specif-i-cally the form is VAR(g(x1))= rho*h(x1) Call-ing []\T1/zi4/m/n/10 predict(rho.object,x1)
[72] [73] [74] [75] [76] [77] [78] [79] [80]
Underfull \vbox (badness 10000) has occurred while \output is active [81]
Underfull \vbox (badness 10000) has occurred while \output is active [82]
Underfull \vbox (badness 10000) has occurred while \output is active [83] [84] [85] [86] [87]
Overfull \hbox (10.83604pt too wide) in paragraph at lines 5806--5808
[]\T1/ptm/m/n/10 Euclidean dis-tance be-tween two sets of co-or-di-nates but re-stricted to a max-i-mum dis-tance.Called

Overfull \hbox (80.70715pt too wide) in paragraph at lines 5812--5814
[]\T1/ptm/m/n/10 Same as lkdist-grid but the com-po-nent dis-tances are found for each co-or-di-nate.[]\T1/zi4/m/n/10 LKDistGridComponents 

Overfull \hbox (0.34082pt too wide) in paragraph at lines 5825--5828
[][]$\T1/zi4/m/n/10 http : / / r . 789695 . n4 . nabble . com / Registration-[]of-[]native-[]routines-[]td4728874 . html$[][] \T1/ptm/m/n/10 for
[88] [89]
Overfull \hbox (3.74974pt too wide) in paragraph at lines 5964--5969
[]\T1/ptm/m/n/10 They each have the four spe-cific meth-ods: []\T1/zi4/m/n/10 LKrigLatticeCenters[]\T1/ptm/m/n/10 , []\T1/zi4/m/n/10 LKrigSAR[]\T1/ptm/m/n/10 , []\T1/zi4/m/n/10 LKrigSetupLattice[]\T1/ptm/m/n/10 ,
[90]
Overfull \hbox (24.83768pt too wide) in paragraph at lines 6009--6012
\T1/ptm/m/n/10 for any field that is lin-ear in the tan-gent plane to the node. Specif-i-cally in the func-tion []\T1/zi4/m/n/10 LKrigSAR.LKSphere
[91] [92]
Underfull \vbox (badness 10000) has occurred while \output is active [93] (/private/tmp/RtmpV8dDSr/Rd2pdf143da4221c980/Rd2.ind [94]

LaTeX Font Warning: Font shape `T1/zi4/m/it' undefined
(Font)              using `T1/zi4/m/n' instead on input line 41.

[95]
Overfull \hbox (30.8567pt too wide) in paragraph at lines 222--224
[]\T1/zi4/m/it/10 LKrigDistance,matrix,gridList,numeric-method 

Overfull \hbox (20.8567pt too wide) in paragraph at lines 224--226
[]\T1/zi4/m/it/10 LKrigDistance,matrix,matrix,numeric-method 
[96] [97]) (/private/tmp/RtmpV8dDSr/Rd2pdf143da4221c980/Rd2.aux)

LaTeX Font Warning: Some font shapes were not available, defaults substituted.

 )
(see the transcript file for additional information)
pdfTeX warning (dest): name{Rfn.NativeSymbolInfo} has been referenced but does not exist, replaced by a fixed one


pdfTeX warning (dest): name{Rfn.Wendland} has been referenced but does not exist, replaced by a fixed one


pdfTeX warning (dest): name{Rfn.fastTps} has been referenced but does not exist, replaced by a fixed one


pdfTeX warning (dest): name{Rfn.Krig} has been referenced but does not exist, replaced by a fixed one


pdfTeX warning (dest): name{Rfn.mKrig} has been referenced but does not exist, replaced by a fixed one


pdfTeX warning (dest): name{Rfn.spind2full} has been referenced but does not exist, replaced by a fixed one


pdfTeX warning (dest): name{Rfn.spind2spam} has been referenced but does not exist, replaced by a fixed one

{/Users/nychka/Library/TinyTeX/texmf-dist/fonts/enc/dvips/inconsolata/i4-ts1.enc}{/Users/nychka/Library/TinyTeX/texmf-dist/fonts/enc/dvips/base/8r.enc} </Users/nychka/Library/TinyTeX/texmf-var/fonts/pk/ljfour/jknappen/ec/tcrm1000.600pk>{/Users/nychka/Library/TinyTeX/texmf-dist/fonts/enc/dvips/inconsolata/i4-t1-0.enc}</Users/nychka/Library/TinyTeX/texmf-dist/fonts/type1/public/inconsolata/Inconsolata-zi4r.pfb></Users/nychka/Library/TinyTeX/texmf-dist/fonts/type1/public/amsfonts/cm/cmex10.pfb></Users/nychka/Library/TinyTeX/texmf-dist/fonts/type1/public/amsfonts/cm/cmmi10.pfb></Users/nychka/Library/TinyTeX/texmf-dist/fonts/type1/public/amsfonts/cm/cmmi7.pfb></Users/nychka/Library/TinyTeX/texmf-dist/fonts/type1/public/amsfonts/cm/cmr10.pfb></Users/nychka/Library/TinyTeX/texmf-dist/fonts/type1/public/amsfonts/cm/cmr7.pfb></Users/nychka/Library/TinyTeX/texmf-dist/fonts/type1/public/amsfonts/cm/cmsy10.pfb></Users/nychka/Library/TinyTeX/texmf-dist/fonts/type1/urw/helvetic/uhvr8a.pfb></Users/nychka/Library/TinyTeX/texmf-dist/fonts/type1/urw/times/utmb8a.pfb></Users/nychka/Library/TinyTeX/texmf-dist/fonts/type1/urw/times/utmr8a.pfb></Users/nychka/Library/TinyTeX/texmf-dist/fonts/type1/urw/times/utmr8a.pfb></Users/nychka/Library/TinyTeX/texmf-dist/fonts/type1/urw/times/utmri8a.pfb>
Output written on Rd2.pdf (97 pages, 377577 bytes).
Transcript written on Rd2.log.
Saving output to ‘LatticeKrig-manual.pdf’ ...
Done
You may want to clean up by 'rm -Rf /tmp/RtmpV8dDSr/Rd2pdf143da4221c980'
